C:\USERS\GEOFFREY\DOCUMENTS\SEMESTER 3\PHYSICS\GAME420LAB7_EX2\GAME420LAB7\DEBUG\BALL.OBJ
C:\USERS\GEOFFREY\DOCUMENTS\SEMESTER 3\PHYSICS\GAME420LAB7_EX2\GAME420LAB7\DEBUG\GAMEOBJECT.OBJ
C:\USERS\GEOFFREY\DOCUMENTS\SEMESTER 3\PHYSICS\GAME420LAB7_EX2\GAME420LAB7\DEBUG\GAMEWORLD.OBJ
C:\USERS\GEOFFREY\DOCUMENTS\SEMESTER 3\PHYSICS\GAME420LAB7_EX2\GAME420LAB7\DEBUG\GROUND.OBJ
C:\USERS\GEOFFREY\DOCUMENTS\SEMESTER 3\PHYSICS\GAME420LAB7_EX2\GAME420LAB7\DEBUG\MAIN.OBJ
C:\USERS\GEOFFREY\DOCUMENTS\SEMESTER 3\PHYSICS\GAME420LAB7_EX2\GAME420LAB7\DEBUG\WOODENBOX.OBJ
C:\USERS\GEOFFREY\DOCUMENTS\SEMESTER 3\PHYSICS\GAME420LAB7_EX2\GAME420LAB7\DEBUG\VC110.PDB
C:\USERS\GEOFFREY\DOCUMENTS\SEMESTER 3\PHYSICS\FINAL PROJECT\GAME420LAB7\DEBUG\BALL.OBJ
C:\USERS\GEOFFREY\DOCUMENTS\SEMESTER 3\PHYSICS\FINAL PROJECT\GAME420LAB7\DEBUG\GAMEOBJECT.OBJ
C:\USERS\GEOFFREY\DOCUMENTS\SEMESTER 3\PHYSICS\FINAL PROJECT\GAME420LAB7\DEBUG\GAMEWORLD.OBJ
C:\USERS\GEOFFREY\DOCUMENTS\SEMESTER 3\PHYSICS\FINAL PROJECT\GAME420LAB7\DEBUG\GROUND.OBJ
C:\USERS\GEOFFREY\DOCUMENTS\SEMESTER 3\PHYSICS\FINAL PROJECT\GAME420LAB7\DEBUG\MAIN.OBJ
C:\USERS\GEOFFREY\DOCUMENTS\SEMESTER 3\PHYSICS\FINAL PROJECT\GAME420LAB7\DEBUG\WOODENBOX.OBJ
C:\USERS\GEOFFREY\DOCUMENTS\SEMESTER 3\PHYSICS\FINAL PROJECT\GAME420LAB7\DEBUG\VC110.PDB
C:\USERS\GEOFFREY\DOCUMENTS\SEMESTER 3\PHYSICS\FINAL PROJECT\GAME420LAB7\DEBUG\STONEBLOCK.OBJ
C:\USERS\GEOFFREY\DOCUMENTS\SEMESTER 3\PHYSICS\FINAL PROJECT\GAME420LAB7\DEBUG\INPUTMANAGER.OBJ
C:\USERS\GEOFFREY\DOCUMENTS\SEMESTER 3\PHYSICS\FINAL PROJECT\GAME420LAB7\DEBUG\INPUTOBSERVER.OBJ
C:\USERS\GEOFFREY\DOCUMENTS\SEMESTER 3\PHYSICS\FINAL PROJECT\GAME420LAB7\DEBUG\BACKGROUND.OBJ
C:\USERS\GEOFFREY\DOCUMENTS\SEMESTER 3\PHYSICS\FINAL PROJECT\GAME420LAB7\DEBUG\JOINT.OBJ
C:\USERS\GEOFFREY\DOCUMENTS\SEMESTER 3\PHYSICS\GAME420LAB7_EX2\DEBUG\GAME420LAB7.ILK
C:\USERS\GEOFFREY\DOCUMENTS\SEMESTER 3\PHYSICS\GAME420LAB7_EX2\DEBUG\GAME420LAB7.EXE
C:\USERS\GEOFFREY\DOCUMENTS\SEMESTER 3\PHYSICS\GAME420LAB7_EX2\DEBUG\GAME420LAB7.PDB
C:\USERS\GEOFFREY\DOCUMENTS\SEMESTER 3\PHYSICS\FINAL PROJECT\DEBUG\GAME420LAB7.ILK
C:\USERS\GEOFFREY\DOCUMENTS\SEMESTER 3\PHYSICS\FINAL PROJECT\DEBUG\GAME420LAB7.EXE
C:\USERS\GEOFFREY\DOCUMENTS\SEMESTER 3\PHYSICS\FINAL PROJECT\DEBUG\GAME420LAB7.PDB
C:\Users\Geoffrey\Documents\Semester 3\Physics\Final Project\Game420Lab7\Debug\Background.obj
C:\Users\Geoffrey\Documents\Semester 3\Physics\Final Project\Game420Lab7\Debug\Ball.obj
C:\Users\Geoffrey\Documents\Semester 3\Physics\Final Project\Game420Lab7\Debug\GameObject.obj
C:\Users\Geoffrey\Documents\Semester 3\Physics\Final Project\Game420Lab7\Debug\GameWorld.obj
C:\Users\Geoffrey\Documents\Semester 3\Physics\Final Project\Game420Lab7\Debug\Ground.obj
C:\Users\Geoffrey\Documents\Semester 3\Physics\Final Project\Game420Lab7\Debug\InputManager.obj
C:\Users\Geoffrey\Documents\Semester 3\Physics\Final Project\Game420Lab7\Debug\InputObserver.obj
C:\Users\Geoffrey\Documents\Semester 3\Physics\Final Project\Game420Lab7\Debug\Joint.obj
C:\Users\Geoffrey\Documents\Semester 3\Physics\Final Project\Game420Lab7\Debug\Main.obj
C:\Users\Geoffrey\Documents\Semester 3\Physics\Final Project\Game420Lab7\Debug\StoneBlock.obj
C:\Users\Geoffrey\Documents\Semester 3\Physics\Final Project\Game420Lab7\Debug\WoodenBox.obj
C:\Users\Geoffrey\Documents\Semester 3\Physics\Final Project\Game420Lab7\Debug\cl.command.1.tlog
C:\Users\Geoffrey\Documents\Semester 3\Physics\Final Project\Game420Lab7\Debug\CL.read.1.tlog
C:\Users\Geoffrey\Documents\Semester 3\Physics\Final Project\Game420Lab7\Debug\CL.write.1.tlog
C:\Users\Geoffrey\Documents\Semester 3\Physics\Final Project\Game420Lab7\Debug\link-cvtres.read.1.tlog
C:\Users\Geoffrey\Documents\Semester 3\Physics\Final Project\Game420Lab7\Debug\link-cvtres.write.1.tlog
C:\Users\Geoffrey\Documents\Semester 3\Physics\Final Project\Game420Lab7\Debug\link-rc.read.1.tlog
C:\Users\Geoffrey\Documents\Semester 3\Physics\Final Project\Game420Lab7\Debug\link-rc.write.1.tlog
C:\Users\Geoffrey\Documents\Semester 3\Physics\Final Project\Game420Lab7\Debug\link.1076-cvtres.read.1.tlog
C:\Users\Geoffrey\Documents\Semester 3\Physics\Final Project\Game420Lab7\Debug\link.1076-cvtres.write.1.tlog
C:\Users\Geoffrey\Documents\Semester 3\Physics\Final Project\Game420Lab7\Debug\link.1076-rc.read.1.tlog
C:\Users\Geoffrey\Documents\Semester 3\Physics\Final Project\Game420Lab7\Debug\link.1076-rc.write.1.tlog
C:\Users\Geoffrey\Documents\Semester 3\Physics\Final Project\Game420Lab7\Debug\link.1076.read.1.tlog
C:\Users\Geoffrey\Documents\Semester 3\Physics\Final Project\Game420Lab7\Debug\link.1076.write.1.tlog
C:\Users\Geoffrey\Documents\Semester 3\Physics\Final Project\Game420Lab7\Debug\link.1196-cvtres.read.1.tlog
C:\Users\Geoffrey\Documents\Semester 3\Physics\Final Project\Game420Lab7\Debug\link.1196-cvtres.write.1.tlog
C:\Users\Geoffrey\Documents\Semester 3\Physics\Final Project\Game420Lab7\Debug\link.1196-rc.read.1.tlog
C:\Users\Geoffrey\Documents\Semester 3\Physics\Final Project\Game420Lab7\Debug\link.1196-rc.write.1.tlog
C:\Users\Geoffrey\Documents\Semester 3\Physics\Final Project\Game420Lab7\Debug\link.1196.read.1.tlog
C:\Users\Geoffrey\Documents\Semester 3\Physics\Final Project\Game420Lab7\Debug\link.1196.write.1.tlog
C:\Users\Geoffrey\Documents\Semester 3\Physics\Final Project\Game420Lab7\Debug\link.1384-cvtres.read.1.tlog
C:\Users\Geoffrey\Documents\Semester 3\Physics\Final Project\Game420Lab7\Debug\link.1384-cvtres.write.1.tlog
C:\Users\Geoffrey\Documents\Semester 3\Physics\Final Project\Game420Lab7\Debug\link.1384-rc.read.1.tlog
C:\Users\Geoffrey\Documents\Semester 3\Physics\Final Project\Game420Lab7\Debug\link.1384-rc.write.1.tlog
C:\Users\Geoffrey\Documents\Semester 3\Physics\Final Project\Game420Lab7\Debug\link.1384.read.1.tlog
C:\Users\Geoffrey\Documents\Semester 3\Physics\Final Project\Game420Lab7\Debug\link.1384.write.1.tlog
C:\Users\Geoffrey\Documents\Semester 3\Physics\Final Project\Game420Lab7\Debug\link.1600-cvtres.read.1.tlog
C:\Users\Geoffrey\Documents\Semester 3\Physics\Final Project\Game420Lab7\Debug\link.1600-cvtres.write.1.tlog
C:\Users\Geoffrey\Documents\Semester 3\Physics\Final Project\Game420Lab7\Debug\link.1600-rc.read.1.tlog
C:\Users\Geoffrey\Documents\Semester 3\Physics\Final Project\Game420Lab7\Debug\link.1600-rc.write.1.tlog
C:\Users\Geoffrey\Documents\Semester 3\Physics\Final Project\Game420Lab7\Debug\link.1600.read.1.tlog
C:\Users\Geoffrey\Documents\Semester 3\Physics\Final Project\Game420Lab7\Debug\link.1600.write.1.tlog
C:\Users\Geoffrey\Documents\Semester 3\Physics\Final Project\Game420Lab7\Debug\link.1864-cvtres.read.1.tlog
C:\Users\Geoffrey\Documents\Semester 3\Physics\Final Project\Game420Lab7\Debug\link.1864-cvtres.write.1.tlog
C:\Users\Geoffrey\Documents\Semester 3\Physics\Final Project\Game420Lab7\Debug\link.1864-rc.read.1.tlog
C:\Users\Geoffrey\Documents\Semester 3\Physics\Final Project\Game420Lab7\Debug\link.1864-rc.write.1.tlog
C:\Users\Geoffrey\Documents\Semester 3\Physics\Final Project\Game420Lab7\Debug\link.1864.read.1.tlog
C:\Users\Geoffrey\Documents\Semester 3\Physics\Final Project\Game420Lab7\Debug\link.1864.write.1.tlog
C:\Users\Geoffrey\Documents\Semester 3\Physics\Final Project\Game420Lab7\Debug\link.2008-cvtres.read.1.tlog
C:\Users\Geoffrey\Documents\Semester 3\Physics\Final Project\Game420Lab7\Debug\link.2008-cvtres.write.1.tlog
C:\Users\Geoffrey\Documents\Semester 3\Physics\Final Project\Game420Lab7\Debug\link.2008-rc.read.1.tlog
C:\Users\Geoffrey\Documents\Semester 3\Physics\Final Project\Game420Lab7\Debug\link.2008-rc.write.1.tlog
C:\Users\Geoffrey\Documents\Semester 3\Physics\Final Project\Game420Lab7\Debug\link.2008.read.1.tlog
C:\Users\Geoffrey\Documents\Semester 3\Physics\Final Project\Game420Lab7\Debug\link.2008.write.1.tlog
C:\Users\Geoffrey\Documents\Semester 3\Physics\Final Project\Game420Lab7\Debug\link.2100-cvtres.read.1.tlog
C:\Users\Geoffrey\Documents\Semester 3\Physics\Final Project\Game420Lab7\Debug\link.2100-cvtres.write.1.tlog
C:\Users\Geoffrey\Documents\Semester 3\Physics\Final Project\Game420Lab7\Debug\link.2100-rc.read.1.tlog
C:\Users\Geoffrey\Documents\Semester 3\Physics\Final Project\Game420Lab7\Debug\link.2100-rc.write.1.tlog
C:\Users\Geoffrey\Documents\Semester 3\Physics\Final Project\Game420Lab7\Debug\link.2100.read.1.tlog
C:\Users\Geoffrey\Documents\Semester 3\Physics\Final Project\Game420Lab7\Debug\link.2100.write.1.tlog
C:\Users\Geoffrey\Documents\Semester 3\Physics\Final Project\Game420Lab7\Debug\link.2392-cvtres.read.1.tlog
C:\Users\Geoffrey\Documents\Semester 3\Physics\Final Project\Game420Lab7\Debug\link.2392-cvtres.write.1.tlog
C:\Users\Geoffrey\Documents\Semester 3\Physics\Final Project\Game420Lab7\Debug\link.2392-rc.read.1.tlog
C:\Users\Geoffrey\Documents\Semester 3\Physics\Final Project\Game420Lab7\Debug\link.2392-rc.write.1.tlog
C:\Users\Geoffrey\Documents\Semester 3\Physics\Final Project\Game420Lab7\Debug\link.2392.read.1.tlog
C:\Users\Geoffrey\Documents\Semester 3\Physics\Final Project\Game420Lab7\Debug\link.2392.write.1.tlog
C:\Users\Geoffrey\Documents\Semester 3\Physics\Final Project\Game420Lab7\Debug\link.2448-cvtres.read.1.tlog
C:\Users\Geoffrey\Documents\Semester 3\Physics\Final Project\Game420Lab7\Debug\link.2448-cvtres.write.1.tlog
C:\Users\Geoffrey\Documents\Semester 3\Physics\Final Project\Game420Lab7\Debug\link.2448-rc.read.1.tlog
C:\Users\Geoffrey\Documents\Semester 3\Physics\Final Project\Game420Lab7\Debug\link.2448-rc.write.1.tlog
C:\Users\Geoffrey\Documents\Semester 3\Physics\Final Project\Game420Lab7\Debug\link.2448.read.1.tlog
C:\Users\Geoffrey\Documents\Semester 3\Physics\Final Project\Game420Lab7\Debug\link.2448.write.1.tlog
C:\Users\Geoffrey\Documents\Semester 3\Physics\Final Project\Game420Lab7\Debug\link.2548-cvtres.read.1.tlog
C:\Users\Geoffrey\Documents\Semester 3\Physics\Final Project\Game420Lab7\Debug\link.2548-cvtres.write.1.tlog
C:\Users\Geoffrey\Documents\Semester 3\Physics\Final Project\Game420Lab7\Debug\link.2548-rc.read.1.tlog
C:\Users\Geoffrey\Documents\Semester 3\Physics\Final Project\Game420Lab7\Debug\link.2548-rc.write.1.tlog
C:\Users\Geoffrey\Documents\Semester 3\Physics\Final Project\Game420Lab7\Debug\link.2548.read.1.tlog
C:\Users\Geoffrey\Documents\Semester 3\Physics\Final Project\Game420Lab7\Debug\link.2548.write.1.tlog
C:\Users\Geoffrey\Documents\Semester 3\Physics\Final Project\Game420Lab7\Debug\link.2700-cvtres.read.1.tlog
C:\Users\Geoffrey\Documents\Semester 3\Physics\Final Project\Game420Lab7\Debug\link.2700-cvtres.write.1.tlog
C:\Users\Geoffrey\Documents\Semester 3\Physics\Final Project\Game420Lab7\Debug\link.2700-rc.read.1.tlog
C:\Users\Geoffrey\Documents\Semester 3\Physics\Final Project\Game420Lab7\Debug\link.2700-rc.write.1.tlog
C:\Users\Geoffrey\Documents\Semester 3\Physics\Final Project\Game420Lab7\Debug\link.2700.read.1.tlog
C:\Users\Geoffrey\Documents\Semester 3\Physics\Final Project\Game420Lab7\Debug\link.2700.write.1.tlog
C:\Users\Geoffrey\Documents\Semester 3\Physics\Final Project\Game420Lab7\Debug\link.2760-cvtres.read.1.tlog
C:\Users\Geoffrey\Documents\Semester 3\Physics\Final Project\Game420Lab7\Debug\link.2760-cvtres.write.1.tlog
C:\Users\Geoffrey\Documents\Semester 3\Physics\Final Project\Game420Lab7\Debug\link.2760-rc.read.1.tlog
C:\Users\Geoffrey\Documents\Semester 3\Physics\Final Project\Game420Lab7\Debug\link.2760-rc.write.1.tlog
C:\Users\Geoffrey\Documents\Semester 3\Physics\Final Project\Game420Lab7\Debug\link.2760.read.1.tlog
C:\Users\Geoffrey\Documents\Semester 3\Physics\Final Project\Game420Lab7\Debug\link.2760.write.1.tlog
C:\Users\Geoffrey\Documents\Semester 3\Physics\Final Project\Game420Lab7\Debug\link.2768-cvtres.read.1.tlog
C:\Users\Geoffrey\Documents\Semester 3\Physics\Final Project\Game420Lab7\Debug\link.2768-cvtres.write.1.tlog
C:\Users\Geoffrey\Documents\Semester 3\Physics\Final Project\Game420Lab7\Debug\link.2768-rc.read.1.tlog
C:\Users\Geoffrey\Documents\Semester 3\Physics\Final Project\Game420Lab7\Debug\link.2768-rc.write.1.tlog
C:\Users\Geoffrey\Documents\Semester 3\Physics\Final Project\Game420Lab7\Debug\link.2768.read.1.tlog
C:\Users\Geoffrey\Documents\Semester 3\Physics\Final Project\Game420Lab7\Debug\link.2768.write.1.tlog
C:\Users\Geoffrey\Documents\Semester 3\Physics\Final Project\Game420Lab7\Debug\link.2876-cvtres.read.1.tlog
C:\Users\Geoffrey\Documents\Semester 3\Physics\Final Project\Game420Lab7\Debug\link.2876-cvtres.write.1.tlog
C:\Users\Geoffrey\Documents\Semester 3\Physics\Final Project\Game420Lab7\Debug\link.2876-rc.read.1.tlog
C:\Users\Geoffrey\Documents\Semester 3\Physics\Final Project\Game420Lab7\Debug\link.2876-rc.write.1.tlog
C:\Users\Geoffrey\Documents\Semester 3\Physics\Final Project\Game420Lab7\Debug\link.2876.read.1.tlog
C:\Users\Geoffrey\Documents\Semester 3\Physics\Final Project\Game420Lab7\Debug\link.2876.write.1.tlog
C:\Users\Geoffrey\Documents\Semester 3\Physics\Final Project\Game420Lab7\Debug\link.2904-cvtres.read.1.tlog
C:\Users\Geoffrey\Documents\Semester 3\Physics\Final Project\Game420Lab7\Debug\link.2904-cvtres.write.1.tlog
C:\Users\Geoffrey\Documents\Semester 3\Physics\Final Project\Game420Lab7\Debug\link.2904-rc.read.1.tlog
C:\Users\Geoffrey\Documents\Semester 3\Physics\Final Project\Game420Lab7\Debug\link.2904-rc.write.1.tlog
C:\Users\Geoffrey\Documents\Semester 3\Physics\Final Project\Game420Lab7\Debug\link.2904.read.1.tlog
C:\Users\Geoffrey\Documents\Semester 3\Physics\Final Project\Game420Lab7\Debug\link.2904.write.1.tlog
C:\Users\Geoffrey\Documents\Semester 3\Physics\Final Project\Game420Lab7\Debug\link.2932-cvtres.read.1.tlog
C:\Users\Geoffrey\Documents\Semester 3\Physics\Final Project\Game420Lab7\Debug\link.2932-cvtres.write.1.tlog
C:\Users\Geoffrey\Documents\Semester 3\Physics\Final Project\Game420Lab7\Debug\link.2932-rc.read.1.tlog
C:\Users\Geoffrey\Documents\Semester 3\Physics\Final Project\Game420Lab7\Debug\link.2932-rc.write.1.tlog
C:\Users\Geoffrey\Documents\Semester 3\Physics\Final Project\Game420Lab7\Debug\link.2932.read.1.tlog
C:\Users\Geoffrey\Documents\Semester 3\Physics\Final Project\Game420Lab7\Debug\link.2932.write.1.tlog
C:\Users\Geoffrey\Documents\Semester 3\Physics\Final Project\Game420Lab7\Debug\link.3132-cvtres.read.1.tlog
C:\Users\Geoffrey\Documents\Semester 3\Physics\Final Project\Game420Lab7\Debug\link.3132-cvtres.write.1.tlog
C:\Users\Geoffrey\Documents\Semester 3\Physics\Final Project\Game420Lab7\Debug\link.3132-rc.read.1.tlog
C:\Users\Geoffrey\Documents\Semester 3\Physics\Final Project\Game420Lab7\Debug\link.3132-rc.write.1.tlog
C:\Users\Geoffrey\Documents\Semester 3\Physics\Final Project\Game420Lab7\Debug\link.3132.read.1.tlog
C:\Users\Geoffrey\Documents\Semester 3\Physics\Final Project\Game420Lab7\Debug\link.3132.write.1.tlog
C:\Users\Geoffrey\Documents\Semester 3\Physics\Final Project\Game420Lab7\Debug\link.3184-cvtres.read.1.tlog
C:\Users\Geoffrey\Documents\Semester 3\Physics\Final Project\Game420Lab7\Debug\link.3184-cvtres.write.1.tlog
C:\Users\Geoffrey\Documents\Semester 3\Physics\Final Project\Game420Lab7\Debug\link.3184-rc.read.1.tlog
C:\Users\Geoffrey\Documents\Semester 3\Physics\Final Project\Game420Lab7\Debug\link.3184-rc.write.1.tlog
C:\Users\Geoffrey\Documents\Semester 3\Physics\Final Project\Game420Lab7\Debug\link.3184.read.1.tlog
C:\Users\Geoffrey\Documents\Semester 3\Physics\Final Project\Game420Lab7\Debug\link.3184.write.1.tlog
C:\Users\Geoffrey\Documents\Semester 3\Physics\Final Project\Game420Lab7\Debug\link.3336-cvtres.read.1.tlog
C:\Users\Geoffrey\Documents\Semester 3\Physics\Final Project\Game420Lab7\Debug\link.3336-cvtres.write.1.tlog
C:\Users\Geoffrey\Documents\Semester 3\Physics\Final Project\Game420Lab7\Debug\link.3336-rc.read.1.tlog
C:\Users\Geoffrey\Documents\Semester 3\Physics\Final Project\Game420Lab7\Debug\link.3336-rc.write.1.tlog
C:\Users\Geoffrey\Documents\Semester 3\Physics\Final Project\Game420Lab7\Debug\link.3336.read.1.tlog
C:\Users\Geoffrey\Documents\Semester 3\Physics\Final Project\Game420Lab7\Debug\link.3336.write.1.tlog
C:\Users\Geoffrey\Documents\Semester 3\Physics\Final Project\Game420Lab7\Debug\link.3520-cvtres.read.1.tlog
C:\Users\Geoffrey\Documents\Semester 3\Physics\Final Project\Game420Lab7\Debug\link.3520-cvtres.write.1.tlog
C:\Users\Geoffrey\Documents\Semester 3\Physics\Final Project\Game420Lab7\Debug\link.3520-rc.read.1.tlog
C:\Users\Geoffrey\Documents\Semester 3\Physics\Final Project\Game420Lab7\Debug\link.3520-rc.write.1.tlog
C:\Users\Geoffrey\Documents\Semester 3\Physics\Final Project\Game420Lab7\Debug\link.3520.read.1.tlog
C:\Users\Geoffrey\Documents\Semester 3\Physics\Final Project\Game420Lab7\Debug\link.3520.write.1.tlog
C:\Users\Geoffrey\Documents\Semester 3\Physics\Final Project\Game420Lab7\Debug\link.3524-cvtres.read.1.tlog
C:\Users\Geoffrey\Documents\Semester 3\Physics\Final Project\Game420Lab7\Debug\link.3524-cvtres.write.1.tlog
C:\Users\Geoffrey\Documents\Semester 3\Physics\Final Project\Game420Lab7\Debug\link.3524-rc.read.1.tlog
C:\Users\Geoffrey\Documents\Semester 3\Physics\Final Project\Game420Lab7\Debug\link.3524-rc.write.1.tlog
C:\Users\Geoffrey\Documents\Semester 3\Physics\Final Project\Game420Lab7\Debug\link.3524.read.1.tlog
C:\Users\Geoffrey\Documents\Semester 3\Physics\Final Project\Game420Lab7\Debug\link.3524.write.1.tlog
C:\Users\Geoffrey\Documents\Semester 3\Physics\Final Project\Game420Lab7\Debug\link.3536-cvtres.read.1.tlog
C:\Users\Geoffrey\Documents\Semester 3\Physics\Final Project\Game420Lab7\Debug\link.3536-cvtres.write.1.tlog
C:\Users\Geoffrey\Documents\Semester 3\Physics\Final Project\Game420Lab7\Debug\link.3536-rc.read.1.tlog
C:\Users\Geoffrey\Documents\Semester 3\Physics\Final Project\Game420Lab7\Debug\link.3536-rc.write.1.tlog
C:\Users\Geoffrey\Documents\Semester 3\Physics\Final Project\Game420Lab7\Debug\link.3536.read.1.tlog
C:\Users\Geoffrey\Documents\Semester 3\Physics\Final Project\Game420Lab7\Debug\link.3536.write.1.tlog
C:\Users\Geoffrey\Documents\Semester 3\Physics\Final Project\Game420Lab7\Debug\link.3580-cvtres.read.1.tlog
C:\Users\Geoffrey\Documents\Semester 3\Physics\Final Project\Game420Lab7\Debug\link.3580-cvtres.write.1.tlog
C:\Users\Geoffrey\Documents\Semester 3\Physics\Final Project\Game420Lab7\Debug\link.3580-rc.read.1.tlog
C:\Users\Geoffrey\Documents\Semester 3\Physics\Final Project\Game420Lab7\Debug\link.3580-rc.write.1.tlog
C:\Users\Geoffrey\Documents\Semester 3\Physics\Final Project\Game420Lab7\Debug\link.3580.read.1.tlog
C:\Users\Geoffrey\Documents\Semester 3\Physics\Final Project\Game420Lab7\Debug\link.3580.write.1.tlog
C:\Users\Geoffrey\Documents\Semester 3\Physics\Final Project\Game420Lab7\Debug\link.3648-cvtres.read.1.tlog
C:\Users\Geoffrey\Documents\Semester 3\Physics\Final Project\Game420Lab7\Debug\link.3648-cvtres.write.1.tlog
C:\Users\Geoffrey\Documents\Semester 3\Physics\Final Project\Game420Lab7\Debug\link.3648-rc.read.1.tlog
C:\Users\Geoffrey\Documents\Semester 3\Physics\Final Project\Game420Lab7\Debug\link.3648-rc.write.1.tlog
C:\Users\Geoffrey\Documents\Semester 3\Physics\Final Project\Game420Lab7\Debug\link.3648.read.1.tlog
C:\Users\Geoffrey\Documents\Semester 3\Physics\Final Project\Game420Lab7\Debug\link.3648.write.1.tlog
C:\Users\Geoffrey\Documents\Semester 3\Physics\Final Project\Game420Lab7\Debug\link.3744-cvtres.read.1.tlog
C:\Users\Geoffrey\Documents\Semester 3\Physics\Final Project\Game420Lab7\Debug\link.3744-cvtres.write.1.tlog
C:\Users\Geoffrey\Documents\Semester 3\Physics\Final Project\Game420Lab7\Debug\link.3744-rc.read.1.tlog
C:\Users\Geoffrey\Documents\Semester 3\Physics\Final Project\Game420Lab7\Debug\link.3744-rc.write.1.tlog
C:\Users\Geoffrey\Documents\Semester 3\Physics\Final Project\Game420Lab7\Debug\link.3744.read.1.tlog
C:\Users\Geoffrey\Documents\Semester 3\Physics\Final Project\Game420Lab7\Debug\link.3744.write.1.tlog
C:\Users\Geoffrey\Documents\Semester 3\Physics\Final Project\Game420Lab7\Debug\link.3760-cvtres.read.1.tlog
C:\Users\Geoffrey\Documents\Semester 3\Physics\Final Project\Game420Lab7\Debug\link.3760-cvtres.write.1.tlog
C:\Users\Geoffrey\Documents\Semester 3\Physics\Final Project\Game420Lab7\Debug\link.3760-rc.read.1.tlog
C:\Users\Geoffrey\Documents\Semester 3\Physics\Final Project\Game420Lab7\Debug\link.3760-rc.write.1.tlog
C:\Users\Geoffrey\Documents\Semester 3\Physics\Final Project\Game420Lab7\Debug\link.3760.read.1.tlog
C:\Users\Geoffrey\Documents\Semester 3\Physics\Final Project\Game420Lab7\Debug\link.3760.write.1.tlog
C:\Users\Geoffrey\Documents\Semester 3\Physics\Final Project\Game420Lab7\Debug\link.388-cvtres.read.1.tlog
C:\Users\Geoffrey\Documents\Semester 3\Physics\Final Project\Game420Lab7\Debug\link.388-cvtres.write.1.tlog
C:\Users\Geoffrey\Documents\Semester 3\Physics\Final Project\Game420Lab7\Debug\link.388-rc.read.1.tlog
C:\Users\Geoffrey\Documents\Semester 3\Physics\Final Project\Game420Lab7\Debug\link.388-rc.write.1.tlog
C:\Users\Geoffrey\Documents\Semester 3\Physics\Final Project\Game420Lab7\Debug\link.388.read.1.tlog
C:\Users\Geoffrey\Documents\Semester 3\Physics\Final Project\Game420Lab7\Debug\link.388.write.1.tlog
C:\Users\Geoffrey\Documents\Semester 3\Physics\Final Project\Game420Lab7\Debug\link.3940-cvtres.read.1.tlog
C:\Users\Geoffrey\Documents\Semester 3\Physics\Final Project\Game420Lab7\Debug\link.3940-cvtres.write.1.tlog
C:\Users\Geoffrey\Documents\Semester 3\Physics\Final Project\Game420Lab7\Debug\link.3940-rc.read.1.tlog
C:\Users\Geoffrey\Documents\Semester 3\Physics\Final Project\Game420Lab7\Debug\link.3940-rc.write.1.tlog
C:\Users\Geoffrey\Documents\Semester 3\Physics\Final Project\Game420Lab7\Debug\link.3940.read.1.tlog
C:\Users\Geoffrey\Documents\Semester 3\Physics\Final Project\Game420Lab7\Debug\link.3940.write.1.tlog
C:\Users\Geoffrey\Documents\Semester 3\Physics\Final Project\Game420Lab7\Debug\link.4100-cvtres.read.1.tlog
C:\Users\Geoffrey\Documents\Semester 3\Physics\Final Project\Game420Lab7\Debug\link.4100-cvtres.write.1.tlog
C:\Users\Geoffrey\Documents\Semester 3\Physics\Final Project\Game420Lab7\Debug\link.4100-rc.read.1.tlog
C:\Users\Geoffrey\Documents\Semester 3\Physics\Final Project\Game420Lab7\Debug\link.4100-rc.write.1.tlog
C:\Users\Geoffrey\Documents\Semester 3\Physics\Final Project\Game420Lab7\Debug\link.4100.read.1.tlog
C:\Users\Geoffrey\Documents\Semester 3\Physics\Final Project\Game420Lab7\Debug\link.4100.write.1.tlog
C:\Users\Geoffrey\Documents\Semester 3\Physics\Final Project\Game420Lab7\Debug\link.4176-cvtres.read.1.tlog
C:\Users\Geoffrey\Documents\Semester 3\Physics\Final Project\Game420Lab7\Debug\link.4176-cvtres.write.1.tlog
C:\Users\Geoffrey\Documents\Semester 3\Physics\Final Project\Game420Lab7\Debug\link.4176-rc.read.1.tlog
C:\Users\Geoffrey\Documents\Semester 3\Physics\Final Project\Game420Lab7\Debug\link.4176-rc.write.1.tlog
C:\Users\Geoffrey\Documents\Semester 3\Physics\Final Project\Game420Lab7\Debug\link.4176.read.1.tlog
C:\Users\Geoffrey\Documents\Semester 3\Physics\Final Project\Game420Lab7\Debug\link.4176.write.1.tlog
C:\Users\Geoffrey\Documents\Semester 3\Physics\Final Project\Game420Lab7\Debug\link.4224-cvtres.read.1.tlog
C:\Users\Geoffrey\Documents\Semester 3\Physics\Final Project\Game420Lab7\Debug\link.4224-cvtres.write.1.tlog
C:\Users\Geoffrey\Documents\Semester 3\Physics\Final Project\Game420Lab7\Debug\link.4224-rc.read.1.tlog
C:\Users\Geoffrey\Documents\Semester 3\Physics\Final Project\Game420Lab7\Debug\link.4224-rc.write.1.tlog
C:\Users\Geoffrey\Documents\Semester 3\Physics\Final Project\Game420Lab7\Debug\link.4224.read.1.tlog
C:\Users\Geoffrey\Documents\Semester 3\Physics\Final Project\Game420Lab7\Debug\link.4224.write.1.tlog
C:\Users\Geoffrey\Documents\Semester 3\Physics\Final Project\Game420Lab7\Debug\link.4232-cvtres.read.1.tlog
C:\Users\Geoffrey\Documents\Semester 3\Physics\Final Project\Game420Lab7\Debug\link.4232-cvtres.write.1.tlog
C:\Users\Geoffrey\Documents\Semester 3\Physics\Final Project\Game420Lab7\Debug\link.4232-rc.read.1.tlog
C:\Users\Geoffrey\Documents\Semester 3\Physics\Final Project\Game420Lab7\Debug\link.4232-rc.write.1.tlog
C:\Users\Geoffrey\Documents\Semester 3\Physics\Final Project\Game420Lab7\Debug\link.4232.read.1.tlog
C:\Users\Geoffrey\Documents\Semester 3\Physics\Final Project\Game420Lab7\Debug\link.4232.write.1.tlog
C:\Users\Geoffrey\Documents\Semester 3\Physics\Final Project\Game420Lab7\Debug\link.4256-cvtres.read.1.tlog
C:\Users\Geoffrey\Documents\Semester 3\Physics\Final Project\Game420Lab7\Debug\link.4256-cvtres.write.1.tlog
C:\Users\Geoffrey\Documents\Semester 3\Physics\Final Project\Game420Lab7\Debug\link.4256-rc.read.1.tlog
C:\Users\Geoffrey\Documents\Semester 3\Physics\Final Project\Game420Lab7\Debug\link.4256-rc.write.1.tlog
C:\Users\Geoffrey\Documents\Semester 3\Physics\Final Project\Game420Lab7\Debug\link.4256.read.1.tlog
C:\Users\Geoffrey\Documents\Semester 3\Physics\Final Project\Game420Lab7\Debug\link.4256.write.1.tlog
C:\Users\Geoffrey\Documents\Semester 3\Physics\Final Project\Game420Lab7\Debug\link.428-cvtres.read.1.tlog
C:\Users\Geoffrey\Documents\Semester 3\Physics\Final Project\Game420Lab7\Debug\link.428-cvtres.write.1.tlog
C:\Users\Geoffrey\Documents\Semester 3\Physics\Final Project\Game420Lab7\Debug\link.428-rc.read.1.tlog
C:\Users\Geoffrey\Documents\Semester 3\Physics\Final Project\Game420Lab7\Debug\link.428-rc.write.1.tlog
C:\Users\Geoffrey\Documents\Semester 3\Physics\Final Project\Game420Lab7\Debug\link.428.read.1.tlog
C:\Users\Geoffrey\Documents\Semester 3\Physics\Final Project\Game420Lab7\Debug\link.428.write.1.tlog
C:\Users\Geoffrey\Documents\Semester 3\Physics\Final Project\Game420Lab7\Debug\link.4344-cvtres.read.1.tlog
C:\Users\Geoffrey\Documents\Semester 3\Physics\Final Project\Game420Lab7\Debug\link.4344-cvtres.write.1.tlog
C:\Users\Geoffrey\Documents\Semester 3\Physics\Final Project\Game420Lab7\Debug\link.4344-rc.read.1.tlog
C:\Users\Geoffrey\Documents\Semester 3\Physics\Final Project\Game420Lab7\Debug\link.4344-rc.write.1.tlog
C:\Users\Geoffrey\Documents\Semester 3\Physics\Final Project\Game420Lab7\Debug\link.4344.read.1.tlog
C:\Users\Geoffrey\Documents\Semester 3\Physics\Final Project\Game420Lab7\Debug\link.4344.write.1.tlog
C:\Users\Geoffrey\Documents\Semester 3\Physics\Final Project\Game420Lab7\Debug\link.4392-cvtres.read.1.tlog
C:\Users\Geoffrey\Documents\Semester 3\Physics\Final Project\Game420Lab7\Debug\link.4392-cvtres.write.1.tlog
C:\Users\Geoffrey\Documents\Semester 3\Physics\Final Project\Game420Lab7\Debug\link.4392-rc.read.1.tlog
C:\Users\Geoffrey\Documents\Semester 3\Physics\Final Project\Game420Lab7\Debug\link.4392-rc.write.1.tlog
C:\Users\Geoffrey\Documents\Semester 3\Physics\Final Project\Game420Lab7\Debug\link.4392.read.1.tlog
C:\Users\Geoffrey\Documents\Semester 3\Physics\Final Project\Game420Lab7\Debug\link.4392.write.1.tlog
C:\Users\Geoffrey\Documents\Semester 3\Physics\Final Project\Game420Lab7\Debug\link.452-cvtres.read.1.tlog
C:\Users\Geoffrey\Documents\Semester 3\Physics\Final Project\Game420Lab7\Debug\link.452-cvtres.write.1.tlog
C:\Users\Geoffrey\Documents\Semester 3\Physics\Final Project\Game420Lab7\Debug\link.452-rc.read.1.tlog
C:\Users\Geoffrey\Documents\Semester 3\Physics\Final Project\Game420Lab7\Debug\link.452-rc.write.1.tlog
C:\Users\Geoffrey\Documents\Semester 3\Physics\Final Project\Game420Lab7\Debug\link.452.read.1.tlog
C:\Users\Geoffrey\Documents\Semester 3\Physics\Final Project\Game420Lab7\Debug\link.452.write.1.tlog
C:\Users\Geoffrey\Documents\Semester 3\Physics\Final Project\Game420Lab7\Debug\link.4616-cvtres.read.1.tlog
C:\Users\Geoffrey\Documents\Semester 3\Physics\Final Project\Game420Lab7\Debug\link.4616-cvtres.write.1.tlog
C:\Users\Geoffrey\Documents\Semester 3\Physics\Final Project\Game420Lab7\Debug\link.4616-rc.read.1.tlog
C:\Users\Geoffrey\Documents\Semester 3\Physics\Final Project\Game420Lab7\Debug\link.4616-rc.write.1.tlog
C:\Users\Geoffrey\Documents\Semester 3\Physics\Final Project\Game420Lab7\Debug\link.4616.read.1.tlog
C:\Users\Geoffrey\Documents\Semester 3\Physics\Final Project\Game420Lab7\Debug\link.4616.write.1.tlog
C:\Users\Geoffrey\Documents\Semester 3\Physics\Final Project\Game420Lab7\Debug\link.4620-cvtres.read.1.tlog
C:\Users\Geoffrey\Documents\Semester 3\Physics\Final Project\Game420Lab7\Debug\link.4620-cvtres.write.1.tlog
C:\Users\Geoffrey\Documents\Semester 3\Physics\Final Project\Game420Lab7\Debug\link.4620-rc.read.1.tlog
C:\Users\Geoffrey\Documents\Semester 3\Physics\Final Project\Game420Lab7\Debug\link.4620-rc.write.1.tlog
C:\Users\Geoffrey\Documents\Semester 3\Physics\Final Project\Game420Lab7\Debug\link.4620.read.1.tlog
C:\Users\Geoffrey\Documents\Semester 3\Physics\Final Project\Game420Lab7\Debug\link.4620.write.1.tlog
C:\Users\Geoffrey\Documents\Semester 3\Physics\Final Project\Game420Lab7\Debug\link.4728-cvtres.read.1.tlog
C:\Users\Geoffrey\Documents\Semester 3\Physics\Final Project\Game420Lab7\Debug\link.4728-cvtres.write.1.tlog
C:\Users\Geoffrey\Documents\Semester 3\Physics\Final Project\Game420Lab7\Debug\link.4728-rc.read.1.tlog
C:\Users\Geoffrey\Documents\Semester 3\Physics\Final Project\Game420Lab7\Debug\link.4728-rc.write.1.tlog
C:\Users\Geoffrey\Documents\Semester 3\Physics\Final Project\Game420Lab7\Debug\link.4728.read.1.tlog
C:\Users\Geoffrey\Documents\Semester 3\Physics\Final Project\Game420Lab7\Debug\link.4728.write.1.tlog
C:\Users\Geoffrey\Documents\Semester 3\Physics\Final Project\Game420Lab7\Debug\link.4840-cvtres.read.1.tlog
C:\Users\Geoffrey\Documents\Semester 3\Physics\Final Project\Game420Lab7\Debug\link.4840-cvtres.write.1.tlog
C:\Users\Geoffrey\Documents\Semester 3\Physics\Final Project\Game420Lab7\Debug\link.4840-rc.read.1.tlog
C:\Users\Geoffrey\Documents\Semester 3\Physics\Final Project\Game420Lab7\Debug\link.4840-rc.write.1.tlog
C:\Users\Geoffrey\Documents\Semester 3\Physics\Final Project\Game420Lab7\Debug\link.4840.read.1.tlog
C:\Users\Geoffrey\Documents\Semester 3\Physics\Final Project\Game420Lab7\Debug\link.4840.write.1.tlog
C:\Users\Geoffrey\Documents\Semester 3\Physics\Final Project\Game420Lab7\Debug\link.4880-cvtres.read.1.tlog
C:\Users\Geoffrey\Documents\Semester 3\Physics\Final Project\Game420Lab7\Debug\link.4880-cvtres.write.1.tlog
C:\Users\Geoffrey\Documents\Semester 3\Physics\Final Project\Game420Lab7\Debug\link.4880-rc.read.1.tlog
C:\Users\Geoffrey\Documents\Semester 3\Physics\Final Project\Game420Lab7\Debug\link.4880-rc.write.1.tlog
C:\Users\Geoffrey\Documents\Semester 3\Physics\Final Project\Game420Lab7\Debug\link.4880.read.1.tlog
C:\Users\Geoffrey\Documents\Semester 3\Physics\Final Project\Game420Lab7\Debug\link.4880.write.1.tlog
C:\Users\Geoffrey\Documents\Semester 3\Physics\Final Project\Game420Lab7\Debug\link.5016-cvtres.read.1.tlog
C:\Users\Geoffrey\Documents\Semester 3\Physics\Final Project\Game420Lab7\Debug\link.5016-cvtres.write.1.tlog
C:\Users\Geoffrey\Documents\Semester 3\Physics\Final Project\Game420Lab7\Debug\link.5016-rc.read.1.tlog
C:\Users\Geoffrey\Documents\Semester 3\Physics\Final Project\Game420Lab7\Debug\link.5016-rc.write.1.tlog
C:\Users\Geoffrey\Documents\Semester 3\Physics\Final Project\Game420Lab7\Debug\link.5016.read.1.tlog
C:\Users\Geoffrey\Documents\Semester 3\Physics\Final Project\Game420Lab7\Debug\link.5016.write.1.tlog
C:\Users\Geoffrey\Documents\Semester 3\Physics\Final Project\Game420Lab7\Debug\link.5168-cvtres.read.1.tlog
C:\Users\Geoffrey\Documents\Semester 3\Physics\Final Project\Game420Lab7\Debug\link.5168-cvtres.write.1.tlog
C:\Users\Geoffrey\Documents\Semester 3\Physics\Final Project\Game420Lab7\Debug\link.5168-rc.read.1.tlog
C:\Users\Geoffrey\Documents\Semester 3\Physics\Final Project\Game420Lab7\Debug\link.5168-rc.write.1.tlog
C:\Users\Geoffrey\Documents\Semester 3\Physics\Final Project\Game420Lab7\Debug\link.5168.read.1.tlog
C:\Users\Geoffrey\Documents\Semester 3\Physics\Final Project\Game420Lab7\Debug\link.5168.write.1.tlog
C:\Users\Geoffrey\Documents\Semester 3\Physics\Final Project\Game420Lab7\Debug\link.5244-cvtres.read.1.tlog
C:\Users\Geoffrey\Documents\Semester 3\Physics\Final Project\Game420Lab7\Debug\link.5244-cvtres.write.1.tlog
C:\Users\Geoffrey\Documents\Semester 3\Physics\Final Project\Game420Lab7\Debug\link.5244-rc.read.1.tlog
C:\Users\Geoffrey\Documents\Semester 3\Physics\Final Project\Game420Lab7\Debug\link.5244-rc.write.1.tlog
C:\Users\Geoffrey\Documents\Semester 3\Physics\Final Project\Game420Lab7\Debug\link.5244.read.1.tlog
C:\Users\Geoffrey\Documents\Semester 3\Physics\Final Project\Game420Lab7\Debug\link.5244.write.1.tlog
C:\Users\Geoffrey\Documents\Semester 3\Physics\Final Project\Game420Lab7\Debug\link.5468-cvtres.read.1.tlog
C:\Users\Geoffrey\Documents\Semester 3\Physics\Final Project\Game420Lab7\Debug\link.5468-cvtres.write.1.tlog
C:\Users\Geoffrey\Documents\Semester 3\Physics\Final Project\Game420Lab7\Debug\link.5468-rc.read.1.tlog
C:\Users\Geoffrey\Documents\Semester 3\Physics\Final Project\Game420Lab7\Debug\link.5468-rc.write.1.tlog
C:\Users\Geoffrey\Documents\Semester 3\Physics\Final Project\Game420Lab7\Debug\link.5468.read.1.tlog
C:\Users\Geoffrey\Documents\Semester 3\Physics\Final Project\Game420Lab7\Debug\link.5468.write.1.tlog
C:\Users\Geoffrey\Documents\Semester 3\Physics\Final Project\Game420Lab7\Debug\link.5572-cvtres.read.1.tlog
C:\Users\Geoffrey\Documents\Semester 3\Physics\Final Project\Game420Lab7\Debug\link.5572-cvtres.write.1.tlog
C:\Users\Geoffrey\Documents\Semester 3\Physics\Final Project\Game420Lab7\Debug\link.5572-rc.read.1.tlog
C:\Users\Geoffrey\Documents\Semester 3\Physics\Final Project\Game420Lab7\Debug\link.5572-rc.write.1.tlog
C:\Users\Geoffrey\Documents\Semester 3\Physics\Final Project\Game420Lab7\Debug\link.5572.read.1.tlog
C:\Users\Geoffrey\Documents\Semester 3\Physics\Final Project\Game420Lab7\Debug\link.5572.write.1.tlog
C:\Users\Geoffrey\Documents\Semester 3\Physics\Final Project\Game420Lab7\Debug\link.5724-cvtres.read.1.tlog
C:\Users\Geoffrey\Documents\Semester 3\Physics\Final Project\Game420Lab7\Debug\link.5724-cvtres.write.1.tlog
C:\Users\Geoffrey\Documents\Semester 3\Physics\Final Project\Game420Lab7\Debug\link.5724-rc.read.1.tlog
C:\Users\Geoffrey\Documents\Semester 3\Physics\Final Project\Game420Lab7\Debug\link.5724-rc.write.1.tlog
C:\Users\Geoffrey\Documents\Semester 3\Physics\Final Project\Game420Lab7\Debug\link.5724.read.1.tlog
C:\Users\Geoffrey\Documents\Semester 3\Physics\Final Project\Game420Lab7\Debug\link.5724.write.1.tlog
C:\Users\Geoffrey\Documents\Semester 3\Physics\Final Project\Game420Lab7\Debug\link.5884-cvtres.read.1.tlog
C:\Users\Geoffrey\Documents\Semester 3\Physics\Final Project\Game420Lab7\Debug\link.5884-cvtres.write.1.tlog
C:\Users\Geoffrey\Documents\Semester 3\Physics\Final Project\Game420Lab7\Debug\link.5884-rc.read.1.tlog
C:\Users\Geoffrey\Documents\Semester 3\Physics\Final Project\Game420Lab7\Debug\link.5884-rc.write.1.tlog
C:\Users\Geoffrey\Documents\Semester 3\Physics\Final Project\Game420Lab7\Debug\link.5884.read.1.tlog
C:\Users\Geoffrey\Documents\Semester 3\Physics\Final Project\Game420Lab7\Debug\link.5884.write.1.tlog
C:\Users\Geoffrey\Documents\Semester 3\Physics\Final Project\Game420Lab7\Debug\link.5948-cvtres.read.1.tlog
C:\Users\Geoffrey\Documents\Semester 3\Physics\Final Project\Game420Lab7\Debug\link.5948-cvtres.write.1.tlog
C:\Users\Geoffrey\Documents\Semester 3\Physics\Final Project\Game420Lab7\Debug\link.5948-rc.read.1.tlog
C:\Users\Geoffrey\Documents\Semester 3\Physics\Final Project\Game420Lab7\Debug\link.5948-rc.write.1.tlog
C:\Users\Geoffrey\Documents\Semester 3\Physics\Final Project\Game420Lab7\Debug\link.5948.read.1.tlog
C:\Users\Geoffrey\Documents\Semester 3\Physics\Final Project\Game420Lab7\Debug\link.5948.write.1.tlog
C:\Users\Geoffrey\Documents\Semester 3\Physics\Final Project\Game420Lab7\Debug\link.5972-cvtres.read.1.tlog
C:\Users\Geoffrey\Documents\Semester 3\Physics\Final Project\Game420Lab7\Debug\link.5972-cvtres.write.1.tlog
C:\Users\Geoffrey\Documents\Semester 3\Physics\Final Project\Game420Lab7\Debug\link.5972-rc.read.1.tlog
C:\Users\Geoffrey\Documents\Semester 3\Physics\Final Project\Game420Lab7\Debug\link.5972-rc.write.1.tlog
C:\Users\Geoffrey\Documents\Semester 3\Physics\Final Project\Game420Lab7\Debug\link.5972.read.1.tlog
C:\Users\Geoffrey\Documents\Semester 3\Physics\Final Project\Game420Lab7\Debug\link.5972.write.1.tlog
C:\Users\Geoffrey\Documents\Semester 3\Physics\Final Project\Game420Lab7\Debug\link.6048-cvtres.read.1.tlog
C:\Users\Geoffrey\Documents\Semester 3\Physics\Final Project\Game420Lab7\Debug\link.6048-cvtres.write.1.tlog
C:\Users\Geoffrey\Documents\Semester 3\Physics\Final Project\Game420Lab7\Debug\link.6048-rc.read.1.tlog
C:\Users\Geoffrey\Documents\Semester 3\Physics\Final Project\Game420Lab7\Debug\link.6048-rc.write.1.tlog
C:\Users\Geoffrey\Documents\Semester 3\Physics\Final Project\Game420Lab7\Debug\link.6048.read.1.tlog
C:\Users\Geoffrey\Documents\Semester 3\Physics\Final Project\Game420Lab7\Debug\link.6048.write.1.tlog
C:\Users\Geoffrey\Documents\Semester 3\Physics\Final Project\Game420Lab7\Debug\link.876-cvtres.read.1.tlog
C:\Users\Geoffrey\Documents\Semester 3\Physics\Final Project\Game420Lab7\Debug\link.876-cvtres.write.1.tlog
C:\Users\Geoffrey\Documents\Semester 3\Physics\Final Project\Game420Lab7\Debug\link.876-rc.read.1.tlog
C:\Users\Geoffrey\Documents\Semester 3\Physics\Final Project\Game420Lab7\Debug\link.876-rc.write.1.tlog
C:\Users\Geoffrey\Documents\Semester 3\Physics\Final Project\Game420Lab7\Debug\link.876.read.1.tlog
C:\Users\Geoffrey\Documents\Semester 3\Physics\Final Project\Game420Lab7\Debug\link.876.write.1.tlog
C:\Users\Geoffrey\Documents\Semester 3\Physics\Final Project\Game420Lab7\Debug\link.command.1.tlog
C:\Users\Geoffrey\Documents\Semester 3\Physics\Final Project\Game420Lab7\Debug\link.read.1.tlog
C:\Users\Geoffrey\Documents\Semester 3\Physics\Final Project\Game420Lab7\Debug\link.write.1.tlog
C:\Users\Geoffrey\Documents\Semester 3\Physics\Final Project\Game420Lab7\Debug\vc110.idb
C:\Users\Geoffrey\Documents\Semester 3\Physics\Final Project\Game420Lab7\Debug\vc110.pdb
C:\Users\Geoffrey\Documents\Semester 3\Physics\Final Project\Debug\Game420Lab7.pdb
C:\Users\Geoffrey\Documents\Semester 3\Physics\Final Project\Debug\Game420Lab7.exe
C:\Users\Geoffrey\Documents\Semester 3\Physics\Final Project\Debug\Game420Lab7.ilk
