Build started 12/8/2014 3:34:23 PM.
     1>Project "C:\Users\Geoffrey\Documents\Semester 3\Physics\Final Project\Game420Lab7\Game420Lab7.vcxproj" on node 2 (Build target(s)).
     1>ClCompile:
         C:\Program Files (x86)\Microsoft Visual Studio 11.0\VC\bin\CL.exe /c /I"C:\Users\Geoffrey\Documents\Semester 3\Physics\Box2D_v2.3.0\Box2D" /I"C:\Users\Geoffrey\Documents\Semester 3\Physics\Game420Lab7_Ex2\SDL-1.2.15\include" /ZI /nologo /W3 /WX- /Od /Oy- /D WIN32 /D _DEBUG /D _CONSOLE /D _MBCS /Gm /EHsc /RTC1 /MDd /GS /fp:precise /Zc:wchar_t /Zc:forScope /Fo"Debug\\" /Fd"Debug\vc110.pdb" /Gd /TP /analyze- /errorReport:prompt Ball.cpp
         Ball.cpp
       Link:
         C:\Program Files (x86)\Microsoft Visual Studio 11.0\VC\bin\link.exe /ERRORREPORT:PROMPT /OUT:"C:\Users\Geoffrey\Documents\Semester 3\Physics\Final Project\Debug\Game420Lab7.exe" /INCREMENTAL /NOLOGO /LIBPATH:"SDL2-2.0.3\lib\x86" /LIBPATH:"C:\Users\Geoffrey\Documents\Semester 3\Physics\Game420Lab7_Ex2\SDL-1.2.15\lib\x86" SDLmain.lib SDL.lib kernel32.lib user32.lib gdi32.lib winspool.lib comdlg32.lib advapi32.lib shell32.lib ole32.lib oleaut32.lib uuid.lib odbc32.lib odbccp32.lib Box2D.lib kernel32.lib user32.lib gdi32.lib winspool.lib comdlg32.lib advapi32.lib shell32.lib ole32.lib oleaut32.lib uuid.lib odbc32.lib odbccp32.lib /MANIFEST /MANIFESTUAC:"level='asInvoker' uiAccess='false'" /manifest:embed /DEBUG /PDB:"C:\Users\Geoffrey\Documents\Semester 3\Physics\Final Project\Debug\Game420Lab7.pdb" /SUBSYSTEM:CONSOLE /TLBID:1 /DYNAMICBASE /NXCOMPAT /IMPLIB:"C:\Users\Geoffrey\Documents\Semester 3\Physics\Final Project\Debug\Game420Lab7.lib" /MACHINE:X86 Debug\Background.obj
         Debug\Ball.obj
         Debug\EndScreen.obj
         Debug\enemy.obj
         Debug\GameObject.obj
         Debug\GameWorld.obj
         Debug\Ground.obj
         Debug\InputManager.obj
         Debug\InputObserver.obj
         Debug\Joint.obj
         Debug\LongBox.obj
         Debug\Main.obj
         Debug\StateManager.obj
         Debug\StoneBlock.obj
         Debug\WoodenBox.obj
         Game420Lab7.vcxproj -> C:\Users\Geoffrey\Documents\Semester 3\Physics\Final Project\Debug\Game420Lab7.exe
     1>Done Building Project "C:\Users\Geoffrey\Documents\Semester 3\Physics\Final Project\Game420Lab7\Game420Lab7.vcxproj" (Build target(s)).

Build succeeded.

Time Elapsed 00:00:01.37
